#
# A fatal error has been detected by the Java Runtime Environment:
#
#  EXCEPTION_STACK_OVERFLOW (0xc00000fd) at pc=0x000000005c853b57, pid=14300, tid=0x000000000000392c
#
# JRE version:  (8.0_121-b13) (build )
# Java VM: Java HotSpot(TM) 64-Bit Server VM (25.121-b13 mixed mode windows-amd64 compressed oops)
# Problematic frame:
# V  [jvm.dll+0x213b57]
#
# Failed to write core dump. Minidumps are not enabled by default on client versions of Windows
#
# If you would like to submit a bug report, please visit:
#   http://bugreport.java.com/bugreport/crash.jsp
#

---------------  T H R E A D  ---------------

Current thread (0x0000000014f19000):  JavaThread "Reference Handler" daemon [_thread_in_vm, id=14636, stack(0x00000000160a0000,0x00000000161a0000)]

siginfo: ExceptionCode=0xc00000fd, ExceptionInformation=0x0000000000000001 0x000000001619a330 

Registers:
RAX=0x000000001619a330, RBX=0x0000000000000006, RCX=0x0000000000005000, RDX=0x0000000000000006
RSP=0x000000001619f330, RBP=0x0000000000000000, RSI=0x000000001619f330, RDI=0x0000000000000006
R8 =0x0000000000000006, R9 =0x0000000014f15680, R10=0x000000001467cca8, R11=0x00000000160aa148
R12=0x0000000014f15680, R13=0x0000000014f19000, R14=0x000000001619f3f8, R15=0x000000001467cca8
RIP=0x000000005c853b57, EFLAGS=0x0000000000010206

Top of Stack: (sp=0x000000001619f330)
0x000000001619f330:   0000dcf5b639cb57 000000005db14e7e
0x000000001619f340:   0000000014f19000 0000000014f15680
0x000000001619f350:   00000000ffffffff 000000005c854a87
0x000000001619f360:   000000001619f460 000000001467cca8
0x000000001619f370:   0000000014f19000 000000005c700923
0x000000001619f380:   000000001619f3c0 0000000014f19000
0x000000001619f390:   000000001619f450 0000000014f19000
0x000000001619f3a0:   000000001467cca8 0000000014f19000
0x000000001619f3b0:   0000000002893200 0000000014f19000
0x000000001619f3c0:   000000001467cca8 0000000014f19000
0x000000001619f3d0:   00000000145dd4b8 0000000014f19000
0x000000001619f3e0:   0000000000000001 000000001467cca8
0x000000001619f3f0:   0000000014f19000 00000000027819a0
0x000000001619f400:   0000000014f19000 000000005c701e0d
0x000000001619f410:   000000001619f718 00000001000069a0
0x000000001619f420:   00000001000173a8 0000000000000000 

Instructions: (pc=0x000000005c853b57)
0x000000005c853b37:   48 89 6c 24 30 33 ed 66 90 e8 2b 3b 08 00 ff c3
0x000000005c853b47:   48 63 c8 48 8b c6 48 0f af cf 48 ff c7 48 2b c1
0x000000005c853b57:   89 28 48 63 c3 48 3b 05 75 1b 59 00 7e db 48 8b
0x000000005c853b67:   6c 24 30 48 8b 5c 24 38 48 8b 74 24 40 48 83 c4 


Register to memory mapping:

RAX=0x000000001619a330 is pointing into the stack for thread: 0x0000000014f19000
RBX=0x0000000000000006 is an unknown value
RCX=0x0000000000005000 is an unknown value
RDX=0x0000000000000006 is an unknown value
RSP=0x000000001619f330 is pointing into the stack for thread: 0x0000000014f19000
RBP=0x0000000000000000 is an unknown value
RSI=0x000000001619f330 is pointing into the stack for thread: 0x0000000014f19000
RDI=0x0000000000000006 is an unknown value
R8 =0x0000000000000006 is an unknown value
R9 =0x0000000014f15680 is an unknown value
R10={method} {0x000000001467ccb0} 'run' '()V' in 'java/lang/ref/Reference$ReferenceHandler'
R11=0x00000000160aa148 is pointing into the stack for thread: 0x0000000014f19000
R12=0x0000000014f15680 is an unknown value
R13=0x0000000014f19000 is a thread
R14=0x000000001619f3f8 is pointing into the stack for thread: 0x0000000014f19000
R15={method} {0x000000001467ccb0} 'run' '()V' in 'java/lang/ref/Reference$ReferenceHandler'


Stack: [0x00000000160a0000,0x00000000161a0000],  sp=0x000000001619f330,  free space=1020k
Native frames: (J=compiled Java code, j=interpreted, Vv=VM code, C=native code)


---------------  P R O C E S S  ---------------

Java Threads: ( => current thread )
  0x0000000002877000 JavaThread "Finalizer" daemon [_thread_blocked, id=13160, stack(0x00000000161a0000,0x00000000162a0000)]
=>0x0000000014f19000 JavaThread "Reference Handler" daemon [_thread_in_vm, id=14636, stack(0x00000000160a0000,0x00000000161a0000)]
  0x0000000002781000 JavaThread "main" [_thread_in_native, id=9568, stack(0x0000000002420000,0x0000000002520000)]

Other Threads:
  0x0000000014f17800 VMThread [stack: 0x0000000015fa0000,0x00000000160a0000] [id=8348]

VM state:not at safepoint (normal execution)

VM Mutex/Monitor currently owned by a thread: None

Heap:
 PSYoungGen      total 38400K, used 665K [0x00000000eab00000, 0x00000000ed580000, 0x0000000100000000)
  eden space 33280K, 2% used [0x00000000eab00000,0x00000000eaba6670,0x00000000ecb80000)
  from space 5120K, 0% used [0x00000000ed080000,0x00000000ed080000,0x00000000ed580000)
  to   space 5120K, 0% used [0x00000000ecb80000,0x00000000ecb80000,0x00000000ed080000)
 ParOldGen       total 87552K, used 0K [0x00000000c0000000, 0x00000000c5580000, 0x00000000eab00000)
  object space 87552K, 0% used [0x00000000c0000000,0x00000000c0000000,0x00000000c5580000)
 Metaspace       used 1103K, capacity 4480K, committed 4480K, reserved 1056768K
  class space    used 116K, capacity 384K, committed 384K, reserved 1048576K

Card table byte_map: [0x0000000011c40000,0x0000000011e50000] byte_map_base: 0x0000000011640000

Marking Bits: (ParMarkBitMap*) 0x000000005ce5b6d0
 Begin Bits: [0x00000000123b0000, 0x00000000133b0000)
 End Bits:   [0x00000000133b0000, 0x00000000143b0000)

Polling page: 0x0000000002520000

CodeCache: size=245760Kb used=405Kb max_used=405Kb free=245354Kb
 bounds [0x0000000002880000, 0x0000000002af0000, 0x0000000011880000]
 total_blobs=103 nmethods=0 adapters=77
 compilation: enabled

Compilation events (0 events):
No events

GC Heap History (0 events):
No events

Deoptimization events (0 events):
No events

Internal exceptions (2 events):
Event: 2.167 Thread 0x0000000002781000 Exception <a 'java/lang/NoSuchMethodError': Method sun.misc.Unsafe.defineClass(Ljava/lang/String;[BII)Ljava/lang/Class; name or signature does not match> (0x00000000eab07ca8) thrown at [C:\re\workspace\8-2-build-windows-amd64-cygwin\jdk8u121\8372\hotspot\
Event: 2.167 Thread 0x0000000002781000 Exception <a 'java/lang/NoSuchMethodError': Method sun.misc.Unsafe.prefetchRead(Ljava/lang/Object;J)V name or signature does not match> (0x00000000eab07f90) thrown at [C:\re\workspace\8-2-build-windows-amd64-cygwin\jdk8u121\8372\hotspot\src\share\vm\prims

Events (10 events):
Event: 2.168 loading class java/util/HashMap$Node done
Event: 2.168 loading class sun/misc/VM
Event: 2.169 loading class sun/misc/VM done
Event: 2.169 loading class java/util/Hashtable$Entry
Event: 2.169 loading class java/util/Hashtable$Entry done
Event: 2.169 loading class java/lang/Math
Event: 2.169 loading class java/lang/Math done
Event: 2.170 loading class java/lang/ref/Finalizer$FinalizerThread
Event: 2.170 loading class java/lang/ref/Finalizer$FinalizerThread done
Event: 2.170 Thread 0x0000000002877000 Thread added: 0x0000000002877000


Dynamic libraries:
0x00007ff645440000 - 0x00007ff645477000 	C:\Program Files\Java\jdk1.8.0_121\bin\java.exe
0x00007ff819880000 - 0x00007ff819a51000 	C:\Windows\SYSTEM32\ntdll.dll
0x00007ff819230000 - 0x00007ff8192db000 	C:\Windows\System32\KERNEL32.DLL
0x00007ff8165c0000 - 0x00007ff8167dd000 	C:\Windows\System32\KERNELBASE.dll
0x00007ff818a10000 - 0x00007ff818ab2000 	C:\Windows\System32\ADVAPI32.dll
0x00007ff8197e0000 - 0x00007ff81987e000 	C:\Windows\System32\msvcrt.dll
0x00007ff8188d0000 - 0x00007ff818929000 	C:\Windows\System32\sechost.dll
0x00007ff819340000 - 0x00007ff819461000 	C:\Windows\System32\RPCRT4.dll
0x00007ff818760000 - 0x00007ff8188c5000 	C:\Windows\System32\USER32.dll
0x00007ff816840000 - 0x00007ff81685e000 	C:\Windows\System32\win32u.dll
0x00007ff817210000 - 0x00007ff817244000 	C:\Windows\System32\GDI32.dll
0x00007ff816a30000 - 0x00007ff816bb2000 	C:\Windows\System32\gdi32full.dll
0x00007ff80ba80000 - 0x00007ff80bcfa000 	C:\Windows\WinSxS\amd64_microsoft.windows.common-controls_6595b64144ccf1df_6.0.14393.953_none_42151e83c686086b\COMCTL32.dll
0x00007ff816e10000 - 0x00007ff8170d8000 	C:\Windows\System32\combase.dll
0x00007ff815d70000 - 0x00007ff815e65000 	C:\Windows\System32\ucrtbase.dll
0x00007ff815e70000 - 0x00007ff815eda000 	C:\Windows\System32\bcryptPrimitives.dll
0x00007ff8190a0000 - 0x00007ff8190ce000 	C:\Windows\System32\IMM32.DLL
0x000000005dac0000 - 0x000000005db92000 	C:\Program Files\Java\jdk1.8.0_121\jre\bin\msvcr100.dll
0x000000005c640000 - 0x000000005cedb000 	C:\Program Files\Java\jdk1.8.0_121\jre\bin\server\jvm.dll
0x00007ff818950000 - 0x00007ff818958000 	C:\Windows\System32\PSAPI.DLL
0x00007ff802dd0000 - 0x00007ff802dd9000 	C:\Windows\SYSTEM32\WSOCK32.dll
0x00007ff818ac0000 - 0x00007ff818b2a000 	C:\Windows\System32\WS2_32.dll
0x00007ff813f50000 - 0x00007ff813f73000 	C:\Windows\SYSTEM32\WINMM.dll
0x00007ff80b310000 - 0x00007ff80b31a000 	C:\Windows\SYSTEM32\VERSION.dll
0x00007ff813ef0000 - 0x00007ff813f1b000 	C:\Windows\SYSTEM32\WINMMBASE.dll
0x00007ff816d20000 - 0x00007ff816d62000 	C:\Windows\System32\cfgmgr32.dll
0x000000005e0f0000 - 0x000000005e0ff000 	C:\Program Files\Java\jdk1.8.0_121\jre\bin\verify.dll
0x000000005e0c0000 - 0x000000005e0e9000 	C:\Program Files\Java\jdk1.8.0_121\jre\bin\java.dll
0x000000005e0a0000 - 0x000000005e0b6000 	C:\Program Files\Java\jdk1.8.0_121\jre\bin\zip.dll
0x00007ff806060000 - 0x00007ff8061f2000 	C:\Windows\SYSTEM32\dbghelp.dll

VM Arguments:
jvm_args: -Djava.awt.headless=true -Xmx1024M -Dfile.encoding=windows-1252 -Duser.country=BR -Duser.language=pt -Duser.variant 
java_command: com.android.dx.command.Main --dex --num-threads=4 --output C:\CodigoFonte\reactiveNative\AppBalada\android\app\build\intermediates\pre-dexed\debug\library-2.4.0_633881ba3e47fe838096dca7592bb26700987ea6.jar C:\Users\Doninha\.gradle\caches\modules-2\files-2.1\com.nineoldandroids\library\2.4.0\e9b63380f3a242dbdbf103a2355ad7e43bad17cb\library-2.4.0.jar
java_class_path (initial): C:\Users\Doninha\AppData\Local\Android\sdk\build-tools\23.0.1\lib\dx.jar
Launcher Type: SUN_STANDARD

Environment Variables:
JAVA_HOME=C:\Program Files\Java\jdk1.8.0_121
CLASSPATH=C:\CodigoFonte\reactiveNative\AppBalada\android\\gradle\wrapper\gradle-wrapper.jar
PATH=C:\ProgramData\Oracle\Java\javapath;C:\Windows\system32;C:\Windows;C:\Windows\System32\Wbem;C:\Windows\System32\WindowsPowerShell\v1.0\;C:\Program Files (x86)\AMD\ATI.ACE\Core-Static;C:\Users\Doninha\.dnx\bin;C:\Program Files\Microsoft DNX\Dnvm\;C:\Program Files\Microsoft SQL Server\130\Tools\Binn\;C:\Program Files (x86)\Skype\Phone\;C:\Program Files\Git\cmd;C:\Program Files\TortoiseSVN\bin;C:\Program Files\nodejs\;C:\Users\Doninha\AppData\Local\Microsoft\WindowsApps;C:\Users\Doninha\AppData\Roaming\npm;C:\Users\Doninha\AppData\Local\Android\sdk\platform-tools
USERNAME=Doninha
OS=Windows_NT
PROCESSOR_IDENTIFIER=Intel64 Family 6 Model 69 Stepping 1, GenuineIntel



---------------  S Y S T E M  ---------------

OS: Windows 10.0 , 64 bit Build 14393 (10.0.14393.0)

CPU:total 4 (2 cores per cpu, 2 threads per core) family 6 model 69 stepping 1, cmov, cx8, fxsr, mmx, sse, sse2, sse3, ssse3, sse4.1, sse4.2, popcnt, avx, avx2, aes, clmul, erms, lzcnt, ht, tsc, tscinvbit, bmi1, bmi2

Memory: 4k page, physical 8299480k(583968k free), swap 14522336k(47964k free)

vm_info: Java HotSpot(TM) 64-Bit Server VM (25.121-b13) for windows-amd64 JRE (1.8.0_121-b13), built on Dec 12 2016 18:21:36 by "java_re" with MS VC++ 10.0 (VS2010)

time: Tue Mar 28 15:57:52 2017
elapsed time: 2 seconds (0d 0h 0m 2s)

