#
# There is insufficient memory for the Java Runtime Environment to continue.
# Native memory allocation (malloc) failed to allocate 65552 bytes for Chunk::new
# Possible reasons:
#   The system is out of physical RAM or swap space
#   In 32 bit mode, the process size limit was hit
# Possible solutions:
#   Reduce memory load on the system
#   Increase physical memory or swap space
#   Check if swap backing store is full
#   Use 64 bit Java on a 64 bit OS
#   Decrease Java heap size (-Xmx/-Xms)
#   Decrease number of Java threads
#   Decrease Java thread stack sizes (-Xss)
#   Set larger code cache with -XX:ReservedCodeCacheSize=
# This output file may be truncated or incomplete.
#
#  Out of Memory Error (allocation.cpp:390), pid=9808, tid=0x00000000000017d8
#
# JRE version: Java(TM) SE Runtime Environment (8.0_121-b13) (build 1.8.0_121-b13)
# Java VM: Java HotSpot(TM) 64-Bit Server VM (25.121-b13 mixed mode windows-amd64 compressed oops)
# Failed to write core dump. Minidumps are not enabled by default on client versions of Windows
#

---------------  T H R E A D  ---------------

Current thread (0x0000000014936800):  JavaThread "C2 CompilerThread1" daemon [_thread_in_native, id=6104, stack(0x0000000016080000,0x0000000016180000)]

Stack: [0x0000000016080000,0x0000000016180000]
[error occurred during error reporting (printing stack bounds), id 0xc0000005]

Native frames: (J=compiled Java code, j=interpreted, Vv=VM code, C=native code)


Current CompileTask:
C2:   3588 1669       4       com.android.dx.ssa.SCCP::simulatePhi (169 bytes)


---------------  P R O C E S S  ---------------

Java Threads: ( => current thread )
  0x0000000016502000 JavaThread "pool-1-thread-4" [_thread_blocked, id=6848, stack(0x0000000016c80000,0x0000000016d80000)]
  0x00000000164f5000 JavaThread "pool-1-thread-3" [_thread_blocked, id=5292, stack(0x0000000016b80000,0x0000000016c80000)]
  0x00000000164f4800 JavaThread "pool-1-thread-2" [_thread_blocked, id=12608, stack(0x0000000016a80000,0x0000000016b80000)]
  0x00000000164da000 JavaThread "pool-2-thread-1" [_thread_blocked, id=5900, stack(0x0000000016980000,0x0000000016a80000)]
  0x00000000164d9800 JavaThread "pool-1-thread-1" [_thread_blocked, id=7916, stack(0x0000000016880000,0x0000000016980000)]
  0x0000000016282000 JavaThread "Service Thread" daemon [_thread_blocked, id=6124, stack(0x0000000016680000,0x0000000016780000)]
  0x000000001498e000 JavaThread "C1 CompilerThread2" daemon [_thread_blocked, id=12688, stack(0x0000000016180000,0x0000000016280000)]
=>0x0000000014936800 JavaThread "C2 CompilerThread1" daemon [_thread_in_native, id=6104, stack(0x0000000016080000,0x0000000016180000)]
  0x0000000014934000 JavaThread "C2 CompilerThread0" daemon [_thread_blocked, id=12016, stack(0x0000000015f80000,0x0000000016080000)]
  0x0000000014931800 JavaThread "Attach Listener" daemon [_thread_blocked, id=10128, stack(0x0000000015e80000,0x0000000015f80000)]
  0x0000000014930800 JavaThread "Signal Dispatcher" daemon [_thread_blocked, id=15104, stack(0x0000000015d80000,0x0000000015e80000)]
  0x000000001491a800 JavaThread "Finalizer" daemon [_thread_blocked, id=8556, stack(0x0000000015b80000,0x0000000015c80000)]
  0x0000000002250000 JavaThread "Reference Handler" daemon [_thread_blocked, id=15216, stack(0x0000000015a80000,0x0000000015b80000)]
  0x0000000002161000 JavaThread "main" [_thread_blocked, id=15324, stack(0x0000000001fd0000,0x00000000020d0000)]

Other Threads:
  0x00000000148f7800 VMThread [stack: 0x0000000015980000,0x0000000015a80000] [id=13680]
  0x000000001628a000 WatcherThread [stack: 0x0000000016780000,0x0000000016880000] [id=14700]

VM state:at safepoint (normal execution)

VM Mutex/Monitor currently owned by a thread:  ([mutex/lock_event])
[0x000000000215c770] Threads_lock - owner thread: 0x00000000148f7800
[0x000000000215ce70] Heap_lock - owner thread: 0x0000000016502000

Heap:
 PSYoungGen      total 38400K, used 38380K [0x00000000eab00000, 0x00000000ed580000, 0x0000000100000000)
  eden space 33280K, 100% used [0x00000000eab00000,0x00000000ecb80000,0x00000000ecb80000)
  from space 5120K, 99% used [0x00000000ed080000,0x00000000ed57b328,0x00000000ed580000)
  to   space 5120K, 63% used [0x00000000ecb80000,0x00000000eceab328,0x00000000ed080000)
 ParOldGen       total 87552K, used 14816K [0x00000000c0000000, 0x00000000c5580000, 0x00000000eab00000)
  object space 87552K, 16% used [0x00000000c0000000,0x00000000c0e782b0,0x00000000c5580000)
 Metaspace       used 6432K, capacity 7192K, committed 7424K, reserved 1056768K
  class space    used 619K, capacity 656K, committed 768K, reserved 1048576K

Card table byte_map: [0x0000000011620000,0x0000000011830000] byte_map_base: 0x0000000011020000

Marking Bits: (ParMarkBitMap*) 0x000000005ce5b6d0
 Begin Bits: [0x0000000011d90000, 0x0000000012d90000)
 End Bits:   [0x0000000012d90000, 0x0000000013d90000)

Polling page: 0x00000000020d0000

CodeCache: size=245760Kb used=6940Kb max_used=6940Kb free=238819Kb
 bounds [0x0000000002260000, 0x0000000002930000, 0x0000000011260000]
 total_blobs=1985 nmethods=1716 adapters=181
 compilation: enabled

Compilation events (10 events):
Event: 3.477 Thread 0x000000001498e000 1744       2       java.util.concurrent.locks.AbstractQueuedSynchronizer::setHead (16 bytes)
Event: 3.478 Thread 0x000000001498e000 nmethod 1744 0x0000000002929950 code [0x0000000002929aa0, 0x0000000002929c50]
Event: 3.487 Thread 0x000000001498e000 1745       2       java.util.concurrent.locks.AbstractQueuedSynchronizer::shouldParkAfterFailedAcquire (50 bytes)
Event: 3.487 Thread 0x000000001498e000 nmethod 1745 0x0000000002929d10 code [0x0000000002929e80, 0x000000000292a0b0]
Event: 3.487 Thread 0x000000001498e000 1746 %     3       com.android.dx.ssa.SsaBasicBlock::forEachInsn @ 10 (37 bytes)
Event: 3.488 Thread 0x000000001498e000 nmethod 1746% 0x000000000292a210 code [0x000000000292a3e0, 0x000000000292aae8]
Event: 3.491 Thread 0x000000001498e000 1748       3       com.android.dx.ssa.SsaBasicBlock::forEachInsn (37 bytes)
Event: 3.492 Thread 0x000000001498e000 nmethod 1748 0x000000000292af90 code [0x000000000292b160, 0x000000000292b7e8]
Event: 3.509 Thread 0x000000001498e000 1749       1       com.android.dx.ssa.LiteralOpUpgrader$1::visitPhiInsn (1 bytes)
Event: 3.509 Thread 0x000000001498e000 nmethod 1749 0x000000000292bc50 code [0x000000000292bda0, 0x000000000292beb0]

GC Heap History (9 events):
Event: 1.718 GC heap before
{Heap before GC invocations=1 (full 0):
 PSYoungGen      total 38400K, used 33280K [0x00000000eab00000, 0x00000000ed580000, 0x0000000100000000)
  eden space 33280K, 100% used [0x00000000eab00000,0x00000000ecb80000,0x00000000ecb80000)
  from space 5120K, 0% used [0x00000000ed080000,0x00000000ed080000,0x00000000ed580000)
  to   space 5120K, 0% used [0x00000000ecb80000,0x00000000ecb80000,0x00000000ed080000)
 ParOldGen       total 87552K, used 0K [0x00000000c0000000, 0x00000000c5580000, 0x00000000eab00000)
  object space 87552K, 0% used [0x00000000c0000000,0x00000000c0000000,0x00000000c5580000)
 Metaspace       used 6087K, capacity 6936K, committed 7168K, reserved 1056768K
  class space    used 614K, capacity 656K, committed 768K, reserved 1048576K
Event: 1.806 GC heap after
Heap after GC invocations=1 (full 0):
 PSYoungGen      total 38400K, used 5088K [0x00000000eab00000, 0x00000000ed580000, 0x0000000100000000)
  eden space 33280K, 0% used [0x00000000eab00000,0x00000000eab00000,0x00000000ecb80000)
  from space 5120K, 99% used [0x00000000ecb80000,0x00000000ed078220,0x00000000ed080000)
  to   space 5120K, 0% used [0x00000000ed080000,0x00000000ed080000,0x00000000ed580000)
 ParOldGen       total 87552K, used 1420K [0x00000000c0000000, 0x00000000c5580000, 0x00000000eab00000)
  object space 87552K, 1% used [0x00000000c0000000,0x00000000c0163018,0x00000000c5580000)
 Metaspace       used 6087K, capacity 6936K, committed 7168K, reserved 1056768K
  class space    used 614K, capacity 656K, committed 768K, reserved 1048576K
}
Event: 2.395 GC heap before
{Heap before GC invocations=2 (full 0):
 PSYoungGen      total 38400K, used 38368K [0x00000000eab00000, 0x00000000ed580000, 0x0000000100000000)
  eden space 33280K, 100% used [0x00000000eab00000,0x00000000ecb80000,0x00000000ecb80000)
  from space 5120K, 99% used [0x00000000ecb80000,0x00000000ed078220,0x00000000ed080000)
  to   space 5120K, 0% used [0x00000000ed080000,0x00000000ed080000,0x00000000ed580000)
 ParOldGen       total 87552K, used 1420K [0x00000000c0000000, 0x00000000c5580000, 0x00000000eab00000)
  object space 87552K, 1% used [0x00000000c0000000,0x00000000c0163018,0x00000000c5580000)
 Metaspace       used 6281K, capacity 7128K, committed 7424K, reserved 1056768K
  class space    used 615K, capacity 656K, committed 768K, reserved 1048576K
Event: 2.474 GC heap after
Heap after GC invocations=2 (full 0):
 PSYoungGen      total 38400K, used 5091K [0x00000000eab00000, 0x00000000ed580000, 0x0000000100000000)
  eden space 33280K, 0% used [0x00000000eab00000,0x00000000eab00000,0x00000000ecb80000)
  from space 5120K, 99% used [0x00000000ed080000,0x00000000ed578fa0,0x00000000ed580000)
  to   space 5120K, 0% used [0x00000000ecb80000,0x00000000ecb80000,0x00000000ed080000)
 ParOldGen       total 87552K, used 5609K [0x00000000c0000000, 0x00000000c5580000, 0x00000000eab00000)
  object space 87552K, 6% used [0x00000000c0000000,0x00000000c057a560,0x00000000c5580000)
 Metaspace       used 6281K, capacity 7128K, committed 7424K, reserved 1056768K
  class space    used 615K, capacity 656K, committed 768K, reserved 1048576K
}
Event: 2.888 GC heap before
{Heap before GC invocations=3 (full 0):
 PSYoungGen      total 38400K, used 38371K [0x00000000eab00000, 0x00000000ed580000, 0x0000000100000000)
  eden space 33280K, 100% used [0x00000000eab00000,0x00000000ecb80000,0x00000000ecb80000)
  from space 5120K, 99% used [0x00000000ed080000,0x00000000ed578fa0,0x00000000ed580000)
  to   space 5120K, 0% used [0x00000000ecb80000,0x00000000ecb80000,0x00000000ed080000)
 ParOldGen       total 87552K, used 5609K [0x00000000c0000000, 0x00000000c5580000, 0x00000000eab00000)
  object space 87552K, 6% used [0x00000000c0000000,0x00000000c057a560,0x00000000c5580000)
 Metaspace       used 6330K, capacity 7128K, committed 7424K, reserved 1056768K
  class space    used 615K, capacity 656K, committed 768K, reserved 1048576K
Event: 2.906 GC heap after
Heap after GC invocations=3 (full 0):
 PSYoungGen      total 38400K, used 5106K [0x00000000eab00000, 0x00000000ed580000, 0x0000000100000000)
  eden space 33280K, 0% used [0x00000000eab00000,0x00000000eab00000,0x00000000ecb80000)
  from space 5120K, 99% used [0x00000000ecb80000,0x00000000ed07c970,0x00000000ed080000)
  to   space 5120K, 0% used [0x00000000ed080000,0x00000000ed080000,0x00000000ed580000)
 ParOldGen       total 87552K, used 10197K [0x00000000c0000000, 0x00000000c5580000, 0x00000000eab00000)
  object space 87552K, 11% used [0x00000000c0000000,0x00000000c09f55c0,0x00000000c5580000)
 Metaspace       used 6330K, capacity 7128K, committed 7424K, reserved 1056768K
  class space    used 615K, capacity 656K, committed 768K, reserved 1048576K
}
Event: 3.280 GC heap before
{Heap before GC invocations=4 (full 0):
 PSYoungGen      total 38400K, used 38386K [0x00000000eab00000, 0x00000000ed580000, 0x0000000100000000)
  eden space 33280K, 100% used [0x00000000eab00000,0x00000000ecb80000,0x00000000ecb80000)
  from space 5120K, 99% used [0x00000000ecb80000,0x00000000ed07c970,0x00000000ed080000)
  to   space 5120K, 0% used [0x00000000ed080000,0x00000000ed080000,0x00000000ed580000)
 ParOldGen       total 87552K, used 10197K [0x00000000c0000000, 0x00000000c5580000, 0x00000000eab00000)
  object space 87552K, 11% used [0x00000000c0000000,0x00000000c09f55c0,0x00000000c5580000)
 Metaspace       used 6408K, capacity 7192K, committed 7424K, reserved 1056768K
  class space    used 618K, capacity 656K, committed 768K, reserved 1048576K
Event: 3.315 GC heap after
Heap after GC invocations=4 (full 0):
 PSYoungGen      total 38400K, used 5100K [0x00000000eab00000, 0x00000000ed580000, 0x0000000100000000)
  eden space 33280K, 0% used [0x00000000eab00000,0x00000000eab00000,0x00000000ecb80000)
  from space 5120K, 99% used [0x00000000ed080000,0x00000000ed57b328,0x00000000ed580000)
  to   space 5120K, 0% used [0x00000000ecb80000,0x00000000ecb80000,0x00000000ed080000)
 ParOldGen       total 87552K, used 14816K [0x00000000c0000000, 0x00000000c5580000, 0x00000000eab00000)
  object space 87552K, 16% used [0x00000000c0000000,0x00000000c0e782b0,0x00000000c5580000)
 Metaspace       used 6408K, capacity 7192K, committed 7424K, reserved 1056768K
  class space    used 618K, capacity 656K, committed 768K, reserved 1048576K
}
Event: 3.581 GC heap before
{Heap before GC invocations=5 (full 0):
 PSYoungGen      total 38400K, used 38380K [0x00000000eab00000, 0x00000000ed580000, 0x0000000100000000)
  eden space 33280K, 100% used [0x00000000eab00000,0x00000000ecb80000,0x00000000ecb80000)
  from space 5120K, 99% used [0x00000000ed080000,0x00000000ed57b328,0x00000000ed580000)
  to   space 5120K, 0% used [0x00000000ecb80000,0x00000000ecb80000,0x00000000ed080000)
 ParOldGen       total 87552K, used 14816K [0x00000000c0000000, 0x00000000c5580000, 0x00000000eab00000)
  object space 87552K, 16% used [0x00000000c0000000,0x00000000c0e782b0,0x00000000c5580000)
 Metaspace       used 6432K, capacity 7192K, committed 7424K, reserved 1056768K
  class space    used 619K, capacity 656K, committed 768K, reserved 1048576K

Deoptimization events (10 events):
Event: 3.024 Thread 0x00000000164d9800 Uncommon trap: reason=class_check action=maybe_recompile pc=0x00000000024b1630 method=com.android.dx.ssa.NormalSsaInsn.accept(Lcom/android/dx/ssa/SsaInsn$Visitor;)V @ 9
Event: 3.024 Thread 0x00000000164d9800 Uncommon trap: reason=class_check action=maybe_recompile pc=0x00000000024b1630 method=com.android.dx.ssa.NormalSsaInsn.accept(Lcom/android/dx/ssa/SsaInsn$Visitor;)V @ 9
Event: 3.038 Thread 0x00000000164f4800 Uncommon trap: reason=bimorphic action=maybe_recompile pc=0x0000000002500ab0 method=java.util.HashMap.getNode(ILjava/lang/Object;)Ljava/util/HashMap$Node; @ 126
Event: 3.038 Thread 0x00000000164f4800 Uncommon trap: reason=class_check action=maybe_recompile pc=0x000000000284a91c method=java.util.HashMap.putVal(ILjava/lang/Object;Ljava/lang/Object;ZZ)Ljava/lang/Object; @ 203
Event: 3.039 Thread 0x00000000164f4800 Uncommon trap: reason=bimorphic action=maybe_recompile pc=0x0000000002500ab0 method=java.util.HashMap.getNode(ILjava/lang/Object;)Ljava/util/HashMap$Node; @ 126
Event: 3.040 Thread 0x00000000164f4800 Uncommon trap: reason=class_check action=maybe_recompile pc=0x000000000284a91c method=java.util.HashMap.putVal(ILjava/lang/Object;Ljava/lang/Object;ZZ)Ljava/lang/Object; @ 203
Event: 3.158 Thread 0x0000000002161000 Uncommon trap: reason=bimorphic action=maybe_recompile pc=0x000000000249c8f4 method=java.util.HashMap.getNode(ILjava/lang/Object;)Ljava/util/HashMap$Node; @ 126
Event: 3.193 Thread 0x0000000016502000 Uncommon trap: reason=class_check action=maybe_recompile pc=0x000000000266579c method=com.android.dx.ssa.NormalSsaInsn.accept(Lcom/android/dx/ssa/SsaInsn$Visitor;)V @ 9
Event: 3.459 Thread 0x00000000164f4800 Uncommon trap: reason=class_check action=maybe_recompile pc=0x00000000024db094 method=com.android.dx.ssa.NormalSsaInsn.accept(Lcom/android/dx/ssa/SsaInsn$Visitor;)V @ 9
Event: 3.466 Thread 0x00000000164f5000 Uncommon trap: reason=unstable_if action=reinterpret pc=0x00000000028fa704 method=com.android.dx.ssa.SCCP.simulateBranch(Lcom/android/dx/ssa/SsaInsn;)V @ 118

Internal exceptions (2 events):
Event: 0.262 Thread 0x0000000002161000 Exception <a 'java/lang/NoSuchMethodError': Method sun.misc.Unsafe.defineClass(Ljava/lang/String;[BII)Ljava/lang/Class; name or signature does not match> (0x00000000eab07ca8) thrown at [C:\re\workspace\8-2-build-windows-amd64-cygwin\jdk8u121\8372\hotspot\
Event: 0.262 Thread 0x0000000002161000 Exception <a 'java/lang/NoSuchMethodError': Method sun.misc.Unsafe.prefetchRead(Ljava/lang/Object;J)V name or signature does not match> (0x00000000eab07f90) thrown at [C:\re\workspace\8-2-build-windows-amd64-cygwin\jdk8u121\8372\hotspot\src\share\vm\prims

Events (10 events):
Event: 3.315 Executing VM operation: ParallelGCFailedAllocation done
Event: 3.459 Thread 0x00000000164f4800 Uncommon trap: trap_request=0xffffffde fr.pc=0x00000000024db094
Event: 3.459 Thread 0x00000000164f4800 DEOPT PACKING pc=0x00000000024db094 sp=0x0000000016b7ea20
Event: 3.459 Thread 0x00000000164f4800 DEOPT UNPACKING pc=0x00000000022a582a sp=0x0000000016b7e960 mode 2
Event: 3.460 loading class com/android/dx/cf/code/BytecodeArray$ConstantParserVisitor
Event: 3.460 loading class com/android/dx/cf/code/BytecodeArray$ConstantParserVisitor done
Event: 3.466 Thread 0x00000000164f5000 Uncommon trap: trap_request=0xffffff65 fr.pc=0x00000000028fa704
Event: 3.466 Thread 0x00000000164f5000 DEOPT PACKING pc=0x00000000028fa704 sp=0x0000000016c7e9c0
Event: 3.466 Thread 0x00000000164f5000 DEOPT UNPACKING pc=0x00000000022a582a sp=0x0000000016c7e990 mode 2
Event: 3.532 Executing VM operation: ParallelGCFailedAllocation


Dynamic libraries:
0x00007ff645440000 - 0x00007ff645477000 	C:\Program Files\Java\jdk1.8.0_121\bin\java.exe
0x00007ff819880000 - 0x00007ff819a51000 	C:\Windows\SYSTEM32\ntdll.dll
0x00007ff819230000 - 0x00007ff8192db000 	C:\Windows\System32\KERNEL32.DLL
0x00007ff8165c0000 - 0x00007ff8167dd000 	C:\Windows\System32\KERNELBASE.dll
0x00007ff818a10000 - 0x00007ff818ab2000 	C:\Windows\System32\ADVAPI32.dll
0x00007ff8197e0000 - 0x00007ff81987e000 	C:\Windows\System32\msvcrt.dll
0x00007ff8188d0000 - 0x00007ff818929000 	C:\Windows\System32\sechost.dll
0x00007ff819340000 - 0x00007ff819461000 	C:\Windows\System32\RPCRT4.dll
0x00007ff818760000 - 0x00007ff8188c5000 	C:\Windows\System32\USER32.dll
0x00007ff816840000 - 0x00007ff81685e000 	C:\Windows\System32\win32u.dll
0x00007ff817210000 - 0x00007ff817244000 	C:\Windows\System32\GDI32.dll
0x00007ff816a30000 - 0x00007ff816bb2000 	C:\Windows\System32\gdi32full.dll
0x00007ff80ba80000 - 0x00007ff80bcfa000 	C:\Windows\WinSxS\amd64_microsoft.windows.common-controls_6595b64144ccf1df_6.0.14393.953_none_42151e83c686086b\COMCTL32.dll
0x00007ff816e10000 - 0x00007ff8170d8000 	C:\Windows\System32\combase.dll
0x00007ff815d70000 - 0x00007ff815e65000 	C:\Windows\System32\ucrtbase.dll
0x00007ff815e70000 - 0x00007ff815eda000 	C:\Windows\System32\bcryptPrimitives.dll
0x00007ff8190a0000 - 0x00007ff8190ce000 	C:\Windows\System32\IMM32.DLL
0x000000005dac0000 - 0x000000005db92000 	C:\Program Files\Java\jdk1.8.0_121\jre\bin\msvcr100.dll
0x000000005c640000 - 0x000000005cedb000 	C:\Program Files\Java\jdk1.8.0_121\jre\bin\server\jvm.dll
0x00007ff818950000 - 0x00007ff818958000 	C:\Windows\System32\PSAPI.DLL
0x00007ff802dd0000 - 0x00007ff802dd9000 	C:\Windows\SYSTEM32\WSOCK32.dll
0x00007ff818ac0000 - 0x00007ff818b2a000 	C:\Windows\System32\WS2_32.dll
0x00007ff813f50000 - 0x00007ff813f73000 	C:\Windows\SYSTEM32\WINMM.dll
0x00007ff80b310000 - 0x00007ff80b31a000 	C:\Windows\SYSTEM32\VERSION.dll
0x00007ff813ef0000 - 0x00007ff813f1b000 	C:\Windows\SYSTEM32\WINMMBASE.dll
0x00007ff816d20000 - 0x00007ff816d62000 	C:\Windows\System32\cfgmgr32.dll
0x000000005e0f0000 - 0x000000005e0ff000 	C:\Program Files\Java\jdk1.8.0_121\jre\bin\verify.dll
0x000000005e0c0000 - 0x000000005e0e9000 	C:\Program Files\Java\jdk1.8.0_121\jre\bin\java.dll
0x000000005e0a0000 - 0x000000005e0b6000 	C:\Program Files\Java\jdk1.8.0_121\jre\bin\zip.dll
0x00007ff817250000 - 0x00007ff818759000 	C:\Windows\System32\SHELL32.dll
0x00007ff815ee0000 - 0x00007ff8165ba000 	C:\Windows\System32\windows.storage.dll
0x00007ff815cf0000 - 0x00007ff815d3c000 	C:\Windows\System32\powrprof.dll
0x00007ff8194e0000 - 0x00007ff819532000 	C:\Windows\System32\shlwapi.dll
0x00007ff815ce0000 - 0x00007ff815cef000 	C:\Windows\System32\kernel.appcore.dll
0x00007ff816c70000 - 0x00007ff816d19000 	C:\Windows\System32\shcore.dll
0x00007ff815d50000 - 0x00007ff815d64000 	C:\Windows\System32\profapi.dll

VM Arguments:
jvm_args: -Djava.awt.headless=true -Xmx1024M -Dfile.encoding=windows-1252 -Duser.country=BR -Duser.language=pt -Duser.variant 
java_command: com.android.dx.command.Main --dex --num-threads=4 --output C:\CodigoFonte\reactiveNative\AppBalada\android\app\build\intermediates\pre-dexed\debug\com.google.android.gms-play-services-maps-10.0.1_2c75836ae697ef1c6b3e3c12d1ad8c30ab995539.jar C:\CodigoFonte\reactiveNative\AppBalada\android\app\build\intermediates\exploded-aar\com.google.android.gms\play-services-maps\10.0.1\jars\classes.jar
java_class_path (initial): C:\Users\Doninha\AppData\Local\Android\sdk\build-tools\23.0.1\lib\dx.jar
Launcher Type: SUN_STANDARD

Environment Variables:
JAVA_HOME=C:\Program Files\Java\jdk1.8.0_121
CLASSPATH=C:\CodigoFonte\reactiveNative\AppBalada\android\\gradle\wrapper\gradle-wrapper.jar
PATH=C:\ProgramData\Oracle\Java\javapath;C:\Windows\system32;C:\Windows;C:\Windows\System32\Wbem;C:\Windows\System32\WindowsPowerShell\v1.0\;C:\Program Files (x86)\AMD\ATI.ACE\Core-Static;C:\Users\Doninha\.dnx\bin;C:\Program Files\Microsoft DNX\Dnvm\;C:\Program Files\Microsoft SQL Server\130\Tools\Binn\;C:\Program Files (x86)\Skype\Phone\;C:\Program Files\Git\cmd;C:\Program Files\TortoiseSVN\bin;C:\Program Files\nodejs\;C:\Users\Doninha\AppData\Local\Microsoft\WindowsApps;C:\Users\Doninha\AppData\Roaming\npm;C:\Users\Doninha\AppData\Local\Android\sdk\platform-tools
USERNAME=Doninha
OS=Windows_NT
PROCESSOR_IDENTIFIER=Intel64 Family 6 Model 69 Stepping 1, GenuineIntel



---------------  S Y S T E M  ---------------

OS: Windows 10.0 , 64 bit Build 14393 (10.0.14393.0)

CPU:total 4 (2 cores per cpu, 2 threads per core) family 6 model 69 stepping 1, cmov, cx8, fxsr, mmx, sse, sse2, sse3, ssse3, sse4.1, sse4.2, popcnt, avx, avx2, aes, clmul, erms, lzcnt, ht, tsc, tscinvbit, bmi1, bmi2

Memory: 4k page, physical 8299480k(562492k free), swap 14522336k(2440k free)

vm_info: Java HotSpot(TM) 64-Bit Server VM (25.121-b13) for windows-amd64 JRE (1.8.0_121-b13), built on Dec 12 2016 18:21:36 by "java_re" with MS VC++ 10.0 (VS2010)

time: Tue Mar 28 15:57:57 2017
elapsed time: 3 seconds (0d 0h 0m 3s)

