#
# There is insufficient memory for the Java Runtime Environment to continue.
# Native memory allocation (malloc) failed to allocate 113136 bytes for Chunk::new
# Possible reasons:
#   The system is out of physical RAM or swap space
#   In 32 bit mode, the process size limit was hit
# Possible solutions:
#   Reduce memory load on the system
#   Increase physical memory or swap space
#   Check if swap backing store is full
#   Use 64 bit Java on a 64 bit OS
#   Decrease Java heap size (-Xmx/-Xms)
#   Decrease number of Java threads
#
#  Out of Memory Error, pid=6884
#
]
[error occurred during error reporting (printing stack bounds), id 0xc0000005]

Native frames: (J=compiled Java code, j=interpreted, Vv=VM code, C=native code)


Current CompileTask:
C2:   5047  727       4       com.android.dx.ssa.SsaBasicBlock::forEachInsn (37 bytes)


---------------  P R O C E S S  ---------------

Java Threads: ( => current thread )
  0x0000000016b89800 JavaThread "pool-1-thread-4" [_thread_blocked, id=9792, stack(0x0000000017500000,0x0000000017600000)]
  0x0000000016b88800 JavaThread "pool-1-thread-3" [_thread_blocked, id=13480, stack(0x0000000017400000,0x0000000017500000)]
  0x0000000016b88000 JavaThread "pool-1-thread-2" [_thread_blocked, id=4700, stack(0x0000000017300000,0x0000000017400000)]
  0x0000000016b6e000 JavaThread "pool-2-thread-1" [_thread_blocked, id=3112, stack(0x0000000017200000,0x0000000017300000)]
  0x0000000016b50000 JavaThread "pool-1-thread-1" [_thread_blocked, id=2360, stack(0x0000000017100000,0x0000000017200000)]
  0x0000000002ace000 JavaThread "Service Thread" daemon [_thread_blocked, id=13772, stack(0x0000000016f00000,0x0000000017000000)]
  0x0000000016a08800 JavaThread "C1 CompilerThread2" daemon [_thread_in_native, id=10232, stack(0x0000000016e00000,0x0000000016f00000)]
=>0x00000000151fe800 JavaThread "C2 CompilerThread1" daemon [_thread_in_native, id=12084, stack(0x0000000016900000,0x0000000016a00000)]
  0x00000000151a4000 JavaThread "C2 CompilerThread0" daemon [_thread_in_native, id=13932, stack(0x0000000016800000,0x0000000016900000)]
  0x00000000151a1800 JavaThread "Attach Listener" daemon [_thread_blocked, id=3480, stack(0x0000000016700000,0x0000000016800000)]
  0x00000000151a0800 JavaThread "Signal Dispatcher" daemon [_thread_blocked, id=5932, stack(0x0000000016600000,0x0000000016700000)]
  0x000000001518a800 JavaThread "Finalizer" daemon [_thread_blocked, id=6128, stack(0x0000000016400000,0x0000000016500000)]
  0x0000000002ac0000 JavaThread "Reference Handler" daemon [_thread_blocked, id=14916, stack(0x0000000016300000,0x0000000016400000)]
  0x00000000029d1000 JavaThread "main" [_thread_blocked, id=8536, stack(0x0000000002700000,0x0000000002800000)]

Other Threads:
  0x0000000015167800 VMThread [stack: 0x0000000016200000,0x0000000016300000] [id=4632]
  0x0000000016a21000 WatcherThread [stack: 0x0000000017000000,0x0000000017100000] [id=5696]

VM state:at safepoint (normal execution)

VM Mutex/Monitor currently owned by a thread:  ([mutex/lock_event])
[0x00000000028ac570] Threads_lock - owner thread: 0x0000000015167800
[0x00000000028ac770] Heap_lock - owner thread: 0x0000000016b88800
[0x00000000028ae580] MethodData_lock - owner thread: 0x0000000016b88800

Heap:
 PSYoungGen      total 38400K, used 17338K [0x00000000eab00000, 0x00000000ed580000, 0x0000000100000000)
  eden space 33280K, 52% used [0x00000000eab00000,0x00000000ebbee8a0,0x00000000ecb80000)
  from space 5120K, 0% used [0x00000000ed080000,0x00000000ed080000,0x00000000ed580000)
  to   space 5120K, 5% used [0x00000000ecb80000,0x00000000ecbc8000,0x00000000ed080000)
 ParOldGen       total 87552K, used 0K [0x00000000c0000000, 0x00000000c5580000, 0x00000000eab00000)
  object space 87552K, 0% used [0x00000000c0000000,0x00000000c0000000,0x00000000c5580000)
 Metaspace       used 5890K, capacity 6744K, committed 6912K, reserved 1060864K
  class space    used 619K, capacity 656K, committed 768K, reserved 1048576K

Card table byte_map: [0x0000000011e90000,0x00000000120a0000] byte_map_base: 0x0000000011890000

Marking Bits: (ParMarkBitMap*) 0x000000005ce5b6d0
 Begin Bits: [0x0000000012600000, 0x0000000013600000)
 End Bits:   [0x0000000013600000, 0x0000000014600000)

Polling page: 0x0000000001150000

CodeCache: size=245760Kb used=3090Kb max_used=3102Kb free=242669Kb
 bounds [0x0000000002ad0000, 0x0000000002de0000, 0x0000000011ad0000]
 total_blobs=1061 nmethods=792 adapters=182
 compilation: enabled

Compilation events (10 events):
Event: 4.767 Thread 0x0000000016a08800  760       3       com.android.dx.dex.code.LocalSnapshot::<init> (25 bytes)
Event: 4.767 Thread 0x0000000016a08800 nmethod 760 0x0000000002db8cd0 code [0x0000000002db8e60, 0x0000000002db9198]
Event: 4.769 Thread 0x0000000016a08800  761       1       com.android.dx.cf.iface.StdMember::getNat (5 bytes)
Event: 4.769 Thread 0x0000000016a08800 nmethod 761 0x0000000002db0f90 code [0x0000000002db10e0, 0x0000000002db11f0]
Event: 4.769 Thread 0x0000000016a08800  762       3       com.android.dx.rop.type.StdTypeList::withFirst (53 bytes)
Event: 4.770 Thread 0x0000000016a08800 nmethod 762 0x0000000002db92d0 code [0x0000000002db9540, 0x0000000002dba678]
Event: 4.771 Thread 0x0000000016a08800  763       3       com.android.dx.ssa.LocalVariableInfo::mergeStarts (59 bytes)
Event: 4.772 Thread 0x0000000016a08800 nmethod 763 0x0000000002dbb310 code [0x0000000002dbb4e0, 0x0000000002dbbbd8]
Event: 4.772 Thread 0x0000000016a08800  764       3       java.util.HashMap::getNode (148 bytes)
Event: 4.773 Thread 0x0000000016a08800 nmethod 764 0x0000000002dbbf90 code [0x0000000002dbc160, 0x0000000002dbcb08]

GC Heap History (0 events):
No events

Deoptimization events (2 events):
Event: 4.689 Thread 0x0000000016b89800 Uncommon trap: reason=unstable_if action=reinterpret pc=0x0000000002ce69b0 method=java.util.BitSet.nextSetBit(I)I @ 87
Event: 4.758 Thread 0x0000000016b88000 Uncommon trap: reason=unstable_if action=reinterpret pc=0x0000000002cd0164 method=java.util.HashMap.getNode(ILjava/lang/Object;)Ljava/util/HashMap$Node; @ 129

Internal exceptions (2 events):
Event: 1.099 Thread 0x00000000029d1000 Exception <a 'java/lang/NoSuchMethodError': Method sun.misc.Unsafe.defineClass(Ljava/lang/String;[BII)Ljava/lang/Class; name or signature does not match> (0x00000000eab07ca8) thrown at [C:\re\workspace\8-2-build-windows-amd64-cygwin\jdk8u121\8372\hotspot\
Event: 1.099 Thread 0x00000000029d1000 Exception <a 'java/lang/NoSuchMethodError': Method sun.misc.Unsafe.prefetchRead(Ljava/lang/Object;J)V name or signature does not match> (0x00000000eab07f90) thrown at [C:\re\workspace\8-2-build-windows-amd64-cygwin\jdk8u121\8372\hotspot\src\share\vm\prims

Events (10 events):
Event: 4.682 loading class java/util/DualPivotQuicksort
Event: 4.683 loading class java/util/DualPivotQuicksort done
Event: 4.687 loading class com/android/dx/cf/attrib/AttRuntimeInvisibleAnnotations
Event: 4.687 loading class com/android/dx/cf/attrib/AttRuntimeInvisibleAnnotations done
Event: 4.689 Thread 0x0000000016b89800 Uncommon trap: trap_request=0xffffff65 fr.pc=0x0000000002ce69b0
Event: 4.689 Thread 0x0000000016b89800 DEOPT PACKING pc=0x0000000002ce69b0 sp=0x00000000175fe7f0
Event: 4.689 Thread 0x0000000016b89800 DEOPT UNPACKING pc=0x0000000002b1582a sp=0x00000000175fe788 mode 2
Event: 4.758 Thread 0x0000000016b88000 Uncommon trap: trap_request=0xffffff65 fr.pc=0x0000000002cd0164
Event: 4.758 Thread 0x0000000016b88000 DEOPT PACKING pc=0x0000000002cd0164 sp=0x00000000173feba0
Event: 4.758 Thread 0x0000000016b88000 DEOPT UNPACKING pc=0x0000000002b1582a sp=0x00000000173feb18 mode 2


Dynamic libraries:
0x00007ff645440000 - 0x00007ff645477000 	C:\Program Files\Java\jdk1.8.0_121\bin\java.exe
0x00007ff819880000 - 0x00007ff819a51000 	C:\Windows\SYSTEM32\ntdll.dll
0x00007ff819230000 - 0x00007ff8192db000 	C:\Windows\System32\KERNEL32.DLL
0x00007ff8165c0000 - 0x00007ff8167dd000 	C:\Windows\System32\KERNELBASE.dll
0x00007ff818a10000 - 0x00007ff818ab2000 	C:\Windows\System32\ADVAPI32.dll
0x00007ff8197e0000 - 0x00007ff81987e000 	C:\Windows\System32\msvcrt.dll
0x00007ff8188d0000 - 0x00007ff818929000 	C:\Windows\System32\sechost.dll
0x00007ff819340000 - 0x00007ff819461000 	C:\Windows\System32\RPCRT4.dll
0x00007ff818760000 - 0x00007ff8188c5000 	C:\Windows\System32\USER32.dll
0x00007ff816840000 - 0x00007ff81685e000 	C:\Windows\System32\win32u.dll
0x00007ff817210000 - 0x00007ff817244000 	C:\Windows\System32\GDI32.dll
0x00007ff816a30000 - 0x00007ff816bb2000 	C:\Windows\System32\gdi32full.dll
0x00007ff80ba80000 - 0x00007ff80bcfa000 	C:\Windows\WinSxS\amd64_microsoft.windows.common-controls_6595b64144ccf1df_6.0.14393.953_none_42151e83c686086b\COMCTL32.dll
0x00007ff816e10000 - 0x00007ff8170d8000 	C:\Windows\System32\combase.dll
0x00007ff815d70000 - 0x00007ff815e65000 	C:\Windows\System32\ucrtbase.dll
0x00007ff815e70000 - 0x00007ff815eda000 	C:\Windows\System32\bcryptPrimitives.dll
0x00007ff8190a0000 - 0x00007ff8190ce000 	C:\Windows\System32\IMM32.DLL
0x000000005dac0000 - 0x000000005db92000 	C:\Program Files\Java\jdk1.8.0_121\jre\bin\msvcr100.dll
0x000000005c640000 - 0x000000005cedb000 	C:\Program Files\Java\jdk1.8.0_121\jre\bin\server\jvm.dll
0x00007ff818950000 - 0x00007ff818958000 	C:\Windows\System32\PSAPI.DLL
0x00007ff802dd0000 - 0x00007ff802dd9000 	C:\Windows\SYSTEM32\WSOCK32.dll
0x00007ff818ac0000 - 0x00007ff818b2a000 	C:\Windows\System32\WS2_32.dll
0x00007ff813f50000 - 0x00007ff813f73000 	C:\Windows\SYSTEM32\WINMM.dll
0x00007ff80b310000 - 0x00007ff80b31a000 	C:\Windows\SYSTEM32\VERSION.dll
0x00007ff813ef0000 - 0x00007ff813f1b000 	C:\Windows\SYSTEM32\WINMMBASE.dll
0x00007ff816d20000 - 0x00007ff816d62000 	C:\Windows\System32\cfgmgr32.dll
0x000000005e0f0000 - 0x000000005e0ff000 	C:\Program Files\Java\jdk1.8.0_121\jre\bin\verify.dll
0x000000005e0c0000 - 0x000000005e0e9000 	C:\Program Files\Java\jdk1.8.0_121\jre\bin\java.dll
0x000000005e0a0000 - 0x000000005e0b6000 	C:\Program Files\Java\jdk1.8.0_121\jre\bin\zip.dll
0x00007ff817250000 - 0x00007ff818759000 	C:\Windows\System32\SHELL32.dll
0x00007ff815ee0000 - 0x00007ff8165ba000 	C:\Windows\System32\windows.storage.dll
0x00007ff815cf0000 - 0x00007ff815d3c000 	C:\Windows\System32\powrprof.dll
0x00007ff8194e0000 - 0x00007ff819532000 	C:\Windows\System32\shlwapi.dll
0x00007ff815ce0000 - 0x00007ff815cef000 	C:\Windows\System32\kernel.appcore.dll
0x00007ff816c70000 - 0x00007ff816d19000 	C:\Windows\System32\shcore.dll
0x00007ff815d50000 - 0x00007ff815d64000 	C:\Windows\System32\profapi.dll

VM Arguments:
jvm_args: -Djava.awt.headless=true -Xmx1024M -Dfile.encoding=windows-1252 -Duser.country=BR -Duser.language=pt -Duser.variant 
java_command: com.android.dx.command.Main --dex --num-threads=4 --output C:\CodigoFonte\reactiveNative\AppBalada\android\app\build\intermediates\pre-dexed\debug\com.facebook.fresco-imagepipeline-base-0.11.0_fdb7e9bd460dc06892cbaf9a934e12bd26427c35.jar C:\CodigoFonte\reactiveNative\AppBalada\android\app\build\intermediates\exploded-aar\com.facebook.fresco\imagepipeline-base\0.11.0\jars\classes.jar
java_class_path (initial): C:\Users\Doninha\AppData\Local\Android\sdk\build-tools\23.0.1\lib\dx.jar
Launcher Type: SUN_STANDARD

Environment Variables:
JAVA_HOME=C:\Program Files\Java\jdk1.8.0_121
CLASSPATH=C:\CodigoFonte\reactiveNative\AppBalada\android\\gradle\wrapper\gradle-wrapper.jar
PATH=C:\ProgramData\Oracle\Java\javapath;C:\Windows\system32;C:\Windows;C:\Windows\System32\Wbem;C:\Windows\System32\WindowsPowerShell\v1.0\;C:\Program Files (x86)\AMD\ATI.ACE\Core-Static;C:\Users\Doninha\.dnx\bin;C:\Program Files\Microsoft DNX\Dnvm\;C:\Program Files\Microsoft SQL Server\130\Tools\Binn\;C:\Program Files (x86)\Skype\Phone\;C:\Program Files\Git\cmd;C:\Program Files\TortoiseSVN\bin;C:\Program Files\nodejs\;C:\Users\Doninha\AppData\Local\Microsoft\WindowsApps;C:\Users\Doninha\AppData\Roaming\npm;C:\Users\Doninha\AppData\Local\Android\sdk\platform-tools
USERNAME=Doninha
OS=Windows_NT
PROCESSOR_IDENTIFIER=Intel64 Family 6 Model 69 Stepping 1, GenuineIntel



---------------  S Y S T E M  ---------------

OS: Windows 10.0 , 64 bit Build 14393 (10.0.14393.0)

CPU:total 4 (2 cores per cpu, 2 threads per core) family 6 model 69 stepping 1, cmov, cx8, fxsr, mmx, sse, sse2, sse3, ssse3, sse4.1, sse4.2, popcnt, avx, avx2, aes, clmul, erms, lzcnt, ht, tsc, tscinvbit, bmi1, bmi2

Memory: 4k page, physical 8299480k(531328k free), swap 14522336k(0k free)

vm_info: Java HotSpot(TM) 64-Bit Server VM (25.121-b13) for windows-amd64 JRE (1.8.0_121-b13), built on Dec 12 2016 18:21:36 by "java_re" with MS VC++ 10.0 (VS2010)

time: Tue Mar 28 15:57:52 2017
elapsed time: 5 seconds (0d 0h 0m 5s)

